app/build/intermediates/manifest_merge_blame_file/debug/manifest-merger-blame-debug-report.txt
1<?xml version="1.0" encoding="utf-8"?>
2<manifest xmlns:android="http://schemas.android.com/apk/res/android"
3    package="com.example.cashbook"
4    android:versionCode="1"
5    android:versionName="1.0" >
6
7    <uses-sdk
8        android:minSdkVersion="24"
8-->src\main\AndroidManifest.xml
9        android:targetSdkVersion="33" />
9-->src\main\AndroidManifest.xml
10
11    <application
11-->src\main\AndroidManifest.xml:5:5-41:19
12        android:allowBackup="true"
12-->src\main\AndroidManifest.xml:6:9-35
13        android:appComponentFactory="androidx.core.app.CoreComponentFactory"
13-->[androidx.core:core:1.7.0] AndroidManifest.xml:24:18-86
14        android:dataExtractionRules="@xml/data_extraction_rules"
14-->src\main\AndroidManifest.xml:7:9-65
15        android:debuggable="true"
16        android:extractNativeLibs="false"
17        android:fullBackupContent="@xml/backup_rules"
17-->src\main\AndroidManifest.xml:8:9-54
18        android:icon="@mipmap/ic_launcher"
18-->src\main\AndroidManifest.xml:9:9-43
19        android:label="@string/app_name"
19-->src\main\AndroidManifest.xml:10:9-41
20        android:supportsRtl="true"
20-->src\main\AndroidManifest.xml:11:9-35
21        android:theme="@style/Theme.CashBook" >
21-->src\main\AndroidManifest.xml:12:9-46
22        <activity
22-->src\main\AndroidManifest.xml:14:9-16:38
23            android:name="com.example.cashbook.ui.users.about_us"
23-->src\main\AndroidManifest.xml:15:13-66
24            android:exported="true" />
24-->src\main\AndroidManifest.xml:16:13-36
25        <activity
25-->src\main\AndroidManifest.xml:17:9-19:38
26            android:name="com.example.cashbook.ui.users.change_password"
26-->src\main\AndroidManifest.xml:18:13-73
27            android:exported="true" />
27-->src\main\AndroidManifest.xml:19:13-36
28        <activity
28-->src\main\AndroidManifest.xml:20:9-22:38
29            android:name="com.example.cashbook.ui.users.settings"
29-->src\main\AndroidManifest.xml:21:13-66
30            android:exported="true" />
30-->src\main\AndroidManifest.xml:22:13-36
31        <activity
31-->src\main\AndroidManifest.xml:23:9-25:38
32            android:name="com.example.cashbook.ui.detailed_accounts.add_accounts"
32-->src\main\AndroidManifest.xml:24:13-82
33            android:exported="true" />
33-->src\main\AndroidManifest.xml:25:13-36
34        <activity
34-->src\main\AndroidManifest.xml:26:9-28:38
35            android:name="com.example.cashbook.ui.users.mylogin"
35-->src\main\AndroidManifest.xml:27:13-65
36            android:exported="true" />
36-->src\main\AndroidManifest.xml:28:13-36
37        <activity
37-->src\main\AndroidManifest.xml:29:9-31:38
38            android:name="com.example.cashbook.ui.users.myregister"
38-->src\main\AndroidManifest.xml:30:13-68
39            android:exported="true" />
39-->src\main\AndroidManifest.xml:31:13-36
40        <activity
40-->src\main\AndroidManifest.xml:32:9-40:20
41            android:name="com.example.cashbook.MainActivity"
41-->src\main\AndroidManifest.xml:33:13-41
42            android:exported="true" >
42-->src\main\AndroidManifest.xml:34:13-36
43            <intent-filter>
43-->src\main\AndroidManifest.xml:35:13-39:29
44                <action android:name="android.intent.action.MAIN" />
44-->src\main\AndroidManifest.xml:36:17-69
44-->src\main\AndroidManifest.xml:36:25-66
45
46                <category android:name="android.intent.category.LAUNCHER" />
46-->src\main\AndroidManifest.xml:38:17-77
46-->src\main\AndroidManifest.xml:38:27-74
47            </intent-filter>
48        </activity>
49
50        <uses-library
50-->[androidx.window:window:1.0.0] AndroidManifest.xml:25:9-27:40
51            android:name="androidx.window.extensions"
51-->[androidx.window:window:1.0.0] AndroidManifest.xml:26:13-54
52            android:required="false" />
52-->[androidx.window:window:1.0.0] AndroidManifest.xml:27:13-37
53        <uses-library
53-->[androidx.window:window:1.0.0] AndroidManifest.xml:28:9-30:40
54            android:name="androidx.window.sidecar"
54-->[androidx.window:window:1.0.0] AndroidManifest.xml:29:13-51
55            android:required="false" />
55-->[androidx.window:window:1.0.0] AndroidManifest.xml:30:13-37
56
57        <service
57-->[androidx.room:room-runtime:2.4.2] AndroidManifest.xml:25:9-28:40
58            android:name="androidx.room.MultiInstanceInvalidationService"
58-->[androidx.room:room-runtime:2.4.2] AndroidManifest.xml:26:13-74
59            android:directBootAware="true"
59-->[androidx.room:room-runtime:2.4.2] AndroidManifest.xml:27:13-43
60            android:exported="false" />
60-->[androidx.room:room-runtime:2.4.2] AndroidManifest.xml:28:13-37
61
62        <provider
62-->[androidx.emoji2:emoji2:1.0.0] AndroidManifest.xml:26:9-34:20
63            android:name="androidx.startup.InitializationProvider"
63-->[androidx.emoji2:emoji2:1.0.0] AndroidManifest.xml:27:13-67
64            android:authorities="com.example.cashbook.androidx-startup"
64-->[androidx.emoji2:emoji2:1.0.0] AndroidManifest.xml:28:13-68
65            android:exported="false" >
65-->[androidx.emoji2:emoji2:1.0.0] AndroidManifest.xml:29:13-37
66            <meta-data
66-->[androidx.emoji2:emoji2:1.0.0] AndroidManifest.xml:31:13-33:52
67                android:name="androidx.emoji2.text.EmojiCompatInitializer"
67-->[androidx.emoji2:emoji2:1.0.0] AndroidManifest.xml:32:17-75
68                android:value="androidx.startup" />
68-->[androidx.emoji2:emoji2:1.0.0] AndroidManifest.xml:33:17-49
69            <meta-data
69-->[androidx.lifecycle:lifecycle-process:2.4.0] AndroidManifest.xml:31:13-33:52
70                android:name="androidx.lifecycle.ProcessLifecycleInitializer"
70-->[androidx.lifecycle:lifecycle-process:2.4.0] AndroidManifest.xml:32:17-78
71                android:value="androidx.startup" />
71-->[androidx.lifecycle:lifecycle-process:2.4.0] AndroidManifest.xml:33:17-49
72        </provider>
73    </application>
74
75</manifest>